2019-08-24T15:51:35+00:00 CRITICAL Maximum execution time of 30 seconds exceeded in C:\Xampp\htdocs\sachhay\wp-includes\wp-db.php on line 2007

2019-08-24T15:52:19+00:00 CRITICAL Maximum execution time of 30 seconds exceeded in C:\Xampp\htdocs\sachhay\wp-includes\wp-db.php on line 2007

2019-08-24T16:22:19+00:00 CRITICAL Uncaught Error: Call to undefined method YITH_Woocompare_Admin::list_products_html() in C:\Xampp\htdocs\sachhay\wp-content\plugins\yith-woocommerce-compare\widgets\class.yith-woocompare-widget.php:47
Stack trace:
#0 C:\Xampp\htdocs\sachhay\wp-content\plugins\elementor\includes\widgets\wordpress.php(262): YITH_Woocompare_Widget->widget(Array, Array)
#1 C:\Xampp\htdocs\sachhay\wp-content\plugins\elementor\includes\base\widget-base.php(448): Elementor\Widget_WordPress->render()
#2 C:\Xampp\htdocs\sachhay\wp-content\plugins\elementor\core\base\document.php(211): Elementor\Widget_Base->render_content()
#3 C:\Xampp\htdocs\sachhay\wp-content\plugins\elementor\includes\managers\widgets.php(323): Elementor\Core\Base\Document->render_element(Array)
#4 [internal function]: Elementor\Widgets_Manager->ajax_render_widget(Array, Object(Elementor\Core\Common\Modules\Ajax\Module))
#5 C:\Xampp\htdocs\sachhay\wp-content\plugins\elementor\core\common\modules\ajax\module.php(171): call_user_func(Array, Array, Object(Elementor\Cor in C:\Xampp\htdocs\sachhay\wp-content\plugins\yith-woocommerce-compare\widgets\class.yith-woocompare-widget.php on line 47

2019-08-24T16:33:31+00:00 CRITICAL Maximum execution time of 30 seconds exceeded in C:\Xampp\htdocs\sachhay\wp-includes\wp-db.php on line 2007

2019-08-24T16:34:40+00:00 CRITICAL Maximum execution time of 30 seconds exceeded in C:\Xampp\htdocs\sachhay\wp-includes\wp-db.php on line 2007

2019-08-24T16:35:31+00:00 CRITICAL Maximum execution time of 30 seconds exceeded in C:\Xampp\htdocs\sachhay\wp-includes\wp-db.php on line 2007

2019-08-24T16:37:32+00:00 CRITICAL Maximum execution time of 30 seconds exceeded in C:\Xampp\htdocs\sachhay\wp-includes\wp-db.php on line 2007

2019-08-24T16:38:48+00:00 CRITICAL Maximum execution time of 30 seconds exceeded in C:\Xampp\htdocs\sachhay\wp-includes\wp-db.php on line 2007

2019-08-24T16:39:38+00:00 CRITICAL Maximum execution time of 30 seconds exceeded in C:\Xampp\htdocs\sachhay\wp-includes\wp-db.php on line 2007

2019-08-24T16:39:42+00:00 CRITICAL Maximum execution time of 30 seconds exceeded in C:\Xampp\htdocs\sachhay\wp-includes\wp-db.php on line 2007

2019-08-24T16:39:43+00:00 CRITICAL Maximum execution time of 30 seconds exceeded in C:\Xampp\htdocs\sachhay\wp-includes\wp-db.php on line 2007

2019-08-24T16:39:44+00:00 CRITICAL Maximum execution time of 30 seconds exceeded in C:\Xampp\htdocs\sachhay\wp-includes\wp-db.php on line 2007

2019-08-24T16:39:45+00:00 CRITICAL Maximum execution time of 30 seconds exceeded in C:\Xampp\htdocs\sachhay\wp-includes\wp-db.php on line 2007

2019-08-24T16:39:46+00:00 CRITICAL Maximum execution time of 30 seconds exceeded in C:\Xampp\htdocs\sachhay\wp-includes\wp-db.php on line 2007

2019-08-24T16:39:47+00:00 CRITICAL Maximum execution time of 30 seconds exceeded in C:\Xampp\htdocs\sachhay\wp-includes\wp-db.php on line 2007

2019-08-24T16:39:49+00:00 CRITICAL Maximum execution time of 30 seconds exceeded in C:\Xampp\htdocs\sachhay\wp-includes\wp-db.php on line 2007

